<?xml version="1.0" encoding="UTF-8"?>
<!-- Generated by org.testng.reporters.JUnitReportReporter -->
<testsuite hostname="LT15094" failures="0" tests="1" name="org.testFunctions.Policy_Re_Instatement_Endorsement" time="80.561" errors="0" timestamp="2025-01-06T11:16:28 IST" skipped="0">
  <testcase classname="org.testFunctions.Policy_Re_Instatement_Endorsement" name="tc_001" time="80.561"/>
  <system-out/>
</testsuite> <!-- org.testFunctions.Policy_Re_Instatement_Endorsement -->
