<?xml version="1.0" encoding="UTF-8"?>
<!-- Generated by org.testng.reporters.JUnitReportReporter -->
<testsuite hostname="LT15094" failures="0" tests="1" name="org.testFunctions.Condominium_Policy" time="394.134" errors="0" timestamp="2025-08-11T13:36:09 IST" skipped="0">
  <testcase classname="org.testFunctions.Condominium_Policy" name="tc001" time="394.134"/>
  <system-out/>
</testsuite> <!-- org.testFunctions.Condominium_Policy -->
