<?xml version="1.0" encoding="UTF-8"?>
<!-- Generated by org.testng.reporters.JUnitReportReporter -->
<testsuite hostname="LT15094" failures="0" tests="4" name="org.testFunctions.Policy_Cancellation_Endorsement_Reg" time="387.267" errors="0" timestamp="2024-04-25T18:13:29 IST" skipped="0">
  <testcase classname="org.testFunctions.Policy_Cancellation_Endorsement_Reg" name="tc_001" time="98.969"/>
  <system-out/>
  <testcase classname="org.testFunctions.Policy_Cancellation_Endorsement_Reg" name="tc_001" time="88.407"/>
  <system-out/>
  <testcase classname="org.testFunctions.Policy_Cancellation_Endorsement_Reg" name="tc_001" time="98.565"/>
  <system-out/>
  <testcase classname="org.testFunctions.Policy_Cancellation_Endorsement_Reg" name="tc_001" time="101.326"/>
  <system-out/>
</testsuite> <!-- org.testFunctions.Policy_Cancellation_Endorsement_Reg -->
