<?xml version="1.0" encoding="UTF-8"?>
<!-- Generated by org.testng.reporters.JUnitReportReporter -->
<testsuite hostname="LT15094" failures="0" tests="2" name="org.testFunctions.Issue_MOC_Policy" time="547.081" errors="0" timestamp="2025-03-12T13:32:45 IST" skipped="0">
  <testcase classname="org.testFunctions.Issue_MOC_Policy" name="tc001" time="310.156"/>
  <system-out/>
  <testcase classname="org.testFunctions.Issue_MOC_Policy" name="tc001" time="236.925"/>
  <system-out/>
</testsuite> <!-- org.testFunctions.Issue_MOC_Policy -->
