<?xml version="1.0" encoding="UTF-8"?>
<!-- Generated by org.testng.reporters.JUnitReportReporter -->
<testsuite hostname="LT15094" failures="0" tests="4" name="org.testFunctions.Policy_Re_Instatement_Endorsement_Reg" time="328.377" errors="0" timestamp="2024-04-25T18:29:34 IST" skipped="0">
  <testcase classname="org.testFunctions.Policy_Re_Instatement_Endorsement_Reg" name="tc_001" time="92.200"/>
  <system-out/>
  <testcase classname="org.testFunctions.Policy_Re_Instatement_Endorsement_Reg" name="tc_001" time="81.605"/>
  <system-out/>
  <testcase classname="org.testFunctions.Policy_Re_Instatement_Endorsement_Reg" name="tc_001" time="82.088"/>
  <system-out/>
  <testcase classname="org.testFunctions.Policy_Re_Instatement_Endorsement_Reg" name="tc_001" time="72.484"/>
  <system-out/>
</testsuite> <!-- org.testFunctions.Policy_Re_Instatement_Endorsement_Reg -->
