<?xml version="1.0" encoding="UTF-8"?>
<!-- Generated by org.testng.reporters.JUnitReportReporter -->
<testsuite hostname="LT15094" failures="0" tests="1" name="org.testFunctions.Addition_of_SMI_Endorsement" time="67.755" errors="0" timestamp="2024-08-12T19:16:45 IST" skipped="0">
  <testcase classname="org.testFunctions.Addition_of_SMI_Endorsement" name="tc_001" time="67.755"/>
  <system-out/>
</testsuite> <!-- org.testFunctions.Addition_of_SMI_Endorsement -->
