<?xml version="1.0" encoding="UTF-8"?>
<!-- Generated by org.testng.reporters.JUnitReportReporter -->
<testsuite hostname="LT15094" failures="0" tests="1" name="org.testFunctions.Issue_Policy_Customer_Info" time="11.060" errors="0" timestamp="2025-06-12T18:03:55 IST" skipped="0">
  <testcase classname="org.testFunctions.Issue_Policy_Customer_Info" name="tc_001" time="11.060"/>
  <system-out/>
</testsuite> <!-- org.testFunctions.Issue_Policy_Customer_Info -->
