<?xml version="1.0" encoding="UTF-8"?>
<!-- Generated by org.testng.reporters.JUnitReportReporter -->
<testsuite hostname="LT15094" failures="0" tests="1" name="org.testFunctions.Change_in_Policy_Period_Endorsement" time="54.537" errors="0" timestamp="2025-01-06T13:34:39 IST" skipped="0">
  <testcase classname="org.testFunctions.Change_in_Policy_Period_Endorsement" name="tc_001" time="54.537"/>
  <system-out/>
</testsuite> <!-- org.testFunctions.Change_in_Policy_Period_Endorsement -->
