<?xml version="1.0" encoding="UTF-8"?>
<!-- Generated by org.testng.reporters.JUnitReportReporter -->
<testsuite hostname="LT15094" failures="0" tests="1" name="org.testFunctions.Deletion_of_SMI_Endorsement" time="71.240" errors="0" timestamp="2024-02-22T14:41:08 IST" skipped="0">
  <testcase classname="org.testFunctions.Deletion_of_SMI_Endorsement" name="tc_001" time="71.240"/>
  <system-out/>
</testsuite> <!-- org.testFunctions.Deletion_of_SMI_Endorsement -->
