<?xml version="1.0" encoding="UTF-8"?>
<!-- Generated by org.testng.reporters.JUnitReportReporter -->
<testsuite hostname="LT15094" failures="0" tests="1" name="org.testFunctions.Policy_Reg" time="349.481" errors="0" timestamp="2025-09-25T16:07:03 IST" skipped="0">
  <testcase classname="org.testFunctions.Policy_Reg" name="tc_001" time="349.481"/>
  <system-out/>
</testsuite> <!-- org.testFunctions.Policy_Reg -->
