<?xml version="1.0" encoding="UTF-8"?>
<!-- Generated by org.testng.reporters.JUnitReportReporter -->
<testsuite hostname="LT15094" failures="0" tests="1" name="org.testFunctions.Condiminium_Endors" time="7.803" errors="0" timestamp="2025-08-25T16:31:20 IST" skipped="0">
  <testcase classname="org.testFunctions.Condiminium_Endors" name="tc_001" time="7.803"/>
  <system-out/>
</testsuite> <!-- org.testFunctions.Condiminium_Endors -->
