<?xml version="1.0" encoding="UTF-8"?>
<!-- Generated by org.testng.reporters.JUnitReportReporter -->
<testsuite hostname="LT15094" failures="0" tests="1" name="org.testFunctions.Policy_Cancellation_Endorsement" time="61.267" errors="0" timestamp="2025-01-06T11:45:09 IST" skipped="0">
  <testcase classname="org.testFunctions.Policy_Cancellation_Endorsement" name="tc_001" time="61.267"/>
  <system-out/>
</testsuite> <!-- org.testFunctions.Policy_Cancellation_Endorsement -->
