<?xml version="1.0" encoding="UTF-8"?>
<!-- Generated by org.testng.reporters.JUnitReportReporter -->
<testsuite hostname="LT15094" failures="0" tests="1" name="org.testFunctions.Login_Claims" time="19.977" errors="0" timestamp="2025-09-02T21:08:35 IST" skipped="0">
  <testcase classname="org.testFunctions.Login_Claims" name="tc001" time="19.977"/>
  <system-out/>
</testsuite> <!-- org.testFunctions.Login_Claims -->
