<?xml version="1.0" encoding="UTF-8"?>
<!-- Generated by org.testng.reporters.JUnitReportReporter -->
<testsuite hostname="LT15094" failures="0" tests="1" name="org.testFunctions.Marine_MOC_Policy" time="587.517" errors="0" timestamp="2025-07-11T11:02:45 IST" skipped="0">
  <testcase classname="org.testFunctions.Marine_MOC_Policy" name="tc001" time="587.517"/>
  <system-out/>
</testsuite> <!-- org.testFunctions.Marine_MOC_Policy -->
