<?xml version="1.0" encoding="UTF-8"?>
<!-- Generated by org.testng.reporters.JUnitReportReporter -->
<testsuite hostname="LT15094" failures="0" tests="1" name="org.testFunctions.Commercial_Login" time="14.373" errors="0" timestamp="2025-09-25T16:32:14 IST" skipped="0">
  <testcase classname="org.testFunctions.Commercial_Login" name="tc001" time="14.373"/>
  <system-out/>
</testsuite> <!-- org.testFunctions.Commercial_Login -->
