<?xml version="1.0" encoding="UTF-8"?>
<!-- Generated by org.testng.reporters.JUnitReportReporter -->
<testsuite hostname="LT15094" failures="0" tests="1" name="org.testFunctions.Application_Login" time="6.552" errors="0" timestamp="2025-01-17T12:22:54 IST" skipped="0">
  <testcase classname="org.testFunctions.Application_Login" name="TS_001_TC_001_tc_01" time="6.552"/>
  <system-out/>
</testsuite> <!-- org.testFunctions.Application_Login -->
