<?xml version="1.0" encoding="UTF-8"?>
<!-- Generated by org.testng.reporters.JUnitReportReporter -->
<testsuite hostname="LT15094" failures="0" tests="1" name="org.testFunctions.Deletion_of_Risk_Endorsement" time="60.226" errors="0" timestamp="2024-02-06T15:54:24 IST" skipped="0">
  <testcase classname="org.testFunctions.Deletion_of_Risk_Endorsement" name="tc_001" time="60.226"/>
  <system-out/>
</testsuite> <!-- org.testFunctions.Deletion_of_Risk_Endorsement -->
