<?xml version="1.0" encoding="UTF-8"?>
<!-- Generated by org.testng.reporters.JUnitReportReporter -->
<testsuite hostname="LT15094" failures="0" tests="1" name="org.testFunctions.Personal_Login" time="0.000" errors="0" timestamp="2025-02-27T16:49:23 IST" skipped="1">
  <testcase classname="org.testFunctions.Personal_Login" name="tc001" time="0.000">
    <skipped/>
  </testcase> <!-- tc001 -->
  <system-out/>
</testsuite> <!-- org.testFunctions.Personal_Login -->
