<?xml version="1.0" encoding="UTF-8"?>
<!-- Generated by org.testng.reporters.JUnitReportReporter -->
<testsuite hostname="LT15094" failures="0" tests="1" name="org.testFunctions.MarineHull_Endorsement" time="0.085" errors="0" timestamp="2025-08-11T18:14:43 IST" skipped="0">
  <testcase classname="org.testFunctions.MarineHull_Endorsement" name="tc001" time="0.085"/>
  <system-out/>
</testsuite> <!-- org.testFunctions.MarineHull_Endorsement -->
