<?xml version="1.0" encoding="UTF-8"?>
<!-- Generated by org.testng.reporters.JUnitReportReporter -->
<testsuite hostname="LT15094" failures="0" tests="1" name="org.testFunctions.Issue_Policy_RI_Ceding" time="13.296" errors="0" timestamp="2025-06-12T18:03:55 IST" skipped="0">
  <testcase classname="org.testFunctions.Issue_Policy_RI_Ceding" name="tc_001" time="13.296"/>
  <system-out/>
</testsuite> <!-- org.testFunctions.Issue_Policy_RI_Ceding -->
