<?xml version="1.0" encoding="UTF-8"?>
<!-- Generated by org.testng.reporters.JUnitReportReporter -->
<testsuite hostname="LT15094" failures="0" tests="4" name="org.testFunctions.Addition_of_Risk_Endorsement_Reg" time="498.278" errors="0" timestamp="2024-04-25T17:02:12 IST" skipped="0">
  <testcase classname="org.testFunctions.Addition_of_Risk_Endorsement_Reg" name="tc_001" time="132.629"/>
  <system-out/>
  <testcase classname="org.testFunctions.Addition_of_Risk_Endorsement_Reg" name="tc_001" time="119.295"/>
  <system-out/>
  <testcase classname="org.testFunctions.Addition_of_Risk_Endorsement_Reg" name="tc_001" time="130.202"/>
  <system-out/>
  <testcase classname="org.testFunctions.Addition_of_Risk_Endorsement_Reg" name="tc_001" time="116.152"/>
  <system-out/>
</testsuite> <!-- org.testFunctions.Addition_of_Risk_Endorsement_Reg -->
