<?xml version="1.0" encoding="UTF-8"?>
<!-- Generated by org.testng.reporters.JUnitReportReporter -->
<testsuite hostname="LT15094" failures="0" tests="4" name="org.testFunctions.Change_in_Policy_Period_Endorsement_Reg" time="203.983" errors="0" timestamp="2024-04-25T15:54:47 IST" skipped="0">
  <testcase classname="org.testFunctions.Change_in_Policy_Period_Endorsement_Reg" name="tc_001" time="47.810"/>
  <system-out/>
  <testcase classname="org.testFunctions.Change_in_Policy_Period_Endorsement_Reg" name="tc_001" time="58.943"/>
  <system-out/>
  <testcase classname="org.testFunctions.Change_in_Policy_Period_Endorsement_Reg" name="tc_001" time="51.589"/>
  <system-out/>
  <testcase classname="org.testFunctions.Change_in_Policy_Period_Endorsement_Reg" name="tc_001" time="45.641"/>
  <system-out/>
</testsuite> <!-- org.testFunctions.Change_in_Policy_Period_Endorsement_Reg -->
