<?xml version="1.0" encoding="UTF-8"?>
<!-- Generated by org.testng.reporters.JUnitReportReporter -->
<testsuite hostname="LT15094" failures="0" tests="4" name="org.testFunctions.Non_Financial_Endorsement_Reg" time="135.938" errors="0" timestamp="2024-04-25T15:27:42 IST" skipped="0">
  <testcase classname="org.testFunctions.Non_Financial_Endorsement_Reg" name="tc_001" time="34.294"/>
  <system-out/>
  <testcase classname="org.testFunctions.Non_Financial_Endorsement_Reg" name="tc_001" time="32.934"/>
  <system-out/>
  <testcase classname="org.testFunctions.Non_Financial_Endorsement_Reg" name="tc_001" time="34.427"/>
  <system-out/>
  <testcase classname="org.testFunctions.Non_Financial_Endorsement_Reg" name="tc_001" time="34.283"/>
  <system-out/>
</testsuite> <!-- org.testFunctions.Non_Financial_Endorsement_Reg -->
