<?xml version="1.0" encoding="UTF-8"?>
<!-- Generated by org.testng.reporters.JUnitReportReporter -->
<testsuite hostname="LT15094" failures="0" tests="4" name="org.testFunctions.Addition_of_SMI_Endorsement_Reg" time="304.932" errors="0" timestamp="2024-04-25T17:38:32 IST" skipped="0">
  <testcase classname="org.testFunctions.Addition_of_SMI_Endorsement_Reg" name="tc_001" time="77.661"/>
  <system-out/>
  <testcase classname="org.testFunctions.Addition_of_SMI_Endorsement_Reg" name="tc_001" time="82.617"/>
  <system-out/>
  <testcase classname="org.testFunctions.Addition_of_SMI_Endorsement_Reg" name="tc_001" time="77.618"/>
  <system-out/>
  <testcase classname="org.testFunctions.Addition_of_SMI_Endorsement_Reg" name="tc_001" time="67.036"/>
  <system-out/>
</testsuite> <!-- org.testFunctions.Addition_of_SMI_Endorsement_Reg -->
