<?xml version="1.0" encoding="UTF-8"?>
<!-- Generated by org.testng.reporters.JUnitReportReporter -->
<testsuite hostname="LT15094" failures="0" tests="1" name="org.testFunctions.PersonalUW_Login" time="9.060" errors="0" timestamp="2025-08-25T16:31:20 IST" skipped="0">
  <testcase classname="org.testFunctions.PersonalUW_Login" name="tc001" time="9.060"/>
  <system-out/>
</testsuite> <!-- org.testFunctions.PersonalUW_Login -->
