<?xml version="1.0" encoding="UTF-8"?>
<!-- Generated by org.testng.reporters.JUnitReportReporter -->
<testsuite hostname="LT15094" failures="0" tests="1" name="org.testFunctions.MOC_Non_Financial_Endorsement" time="49.301" errors="0" timestamp="2025-07-15T13:37:02 IST" skipped="0">
  <testcase classname="org.testFunctions.MOC_Non_Financial_Endorsement" name="tc_001" time="49.301"/>
  <system-out/>
</testsuite> <!-- org.testFunctions.MOC_Non_Financial_Endorsement -->
